d:\project data structure\new folder\buzzyateer\buzz yateer\buzz yateer\x64\debug\vc141.pdb
d:\project data structure\new folder\buzzyateer\buzz yateer\buzz yateer\x64\debug\vc141.idb
d:\project data structure\new folder\buzzyateer\buzz yateer\buzz yateer\x64\debug\ui.obj
d:\project data structure\new folder\buzzyateer\buzz yateer\buzz yateer\x64\debug\source.obj
d:\project data structure\new folder\buzzyateer\buzz yateer\buzz yateer\x64\debug\polarrover.obj
d:\project data structure\new folder\buzzyateer\buzz yateer\buzz yateer\x64\debug\polarmission.obj
d:\project data structure\new folder\buzzyateer\buzz yateer\buzz yateer\x64\debug\mountainousrover.obj
d:\project data structure\new folder\buzzyateer\buzz yateer\buzz yateer\x64\debug\mountainousmission.obj
d:\project data structure\new folder\buzzyateer\buzz yateer\buzz yateer\x64\debug\marsstation.obj
d:\project data structure\new folder\buzzyateer\buzz yateer\buzz yateer\x64\debug\event.obj
d:\project data structure\new folder\buzzyateer\buzz yateer\buzz yateer\x64\debug\emergencyrover.obj
d:\project data structure\new folder\buzzyateer\buzz yateer\buzz yateer\x64\debug\emergencymission.obj
f:\buzz\buzzyateer-master\buzz yateer\buzz yateer\x64\debug\vc142.pdb
f:\buzz\buzzyateer-master\buzz yateer\buzz yateer\x64\debug\vc142.idb
f:\buzz\buzzyateer-master\buzz yateer\buzz yateer\x64\debug\source.obj
f:\buzz\buzzyateer-master\buzz yateer\buzz yateer\x64\debug\polarrover.obj
f:\buzz\buzzyateer-master\buzz yateer\buzz yateer\x64\debug\polarmission.obj
f:\buzz\buzzyateer-master\buzz yateer\buzz yateer\x64\debug\mountainousrover.obj
f:\buzz\buzzyateer-master\buzz yateer\buzz yateer\x64\debug\mountainousmission.obj
f:\buzz\buzzyateer-master\buzz yateer\buzz yateer\x64\debug\mission.obj
f:\buzz\buzzyateer-master\buzz yateer\buzz yateer\x64\debug\event.obj
f:\buzz\buzzyateer-master\buzz yateer\buzz yateer\x64\debug\emergencyrover.obj
f:\buzz\buzzyateer-master\buzz yateer\buzz yateer\x64\debug\emergencymission.obj
f:\buzz\buzzyateer-master\buzz yateer\buzz yateer\x64\debug\marsstation.obj
d:\cmp\cmp2\datastructure\project\projectfiles\buzz yateer\x64\debug\buzz yateer.exe
d:\cmp\cmp2\datastructure\project\projectfiles\buzz yateer\x64\debug\buzz yateer.ilk
d:\cmp\cmp2\datastructure\project\projectfiles\buzz yateer\x64\debug\buzz yateer.pdb
c:\users\eslam ashraf\onedrive - cairo university - students\desktop\new folder\buzzyateer\buzz yateer\x64\debug\buzz yateer.ilk
c:\users\eslam ashraf\onedrive - cairo university - students\desktop\new folder\buzzyateer\buzz yateer\x64\debug\buzz yateer.exe
c:\users\eslam ashraf\onedrive - cairo university - students\desktop\new folder\buzzyateer\buzz yateer\x64\debug\buzz yateer.pdb
d:\project data structure\new folder\buzzyateer\buzz yateer\x64\debug\buzz yateer.exe
d:\project data structure\new folder\buzzyateer\buzz yateer\x64\debug\buzz yateer.ilk
d:\project data structure\new folder\buzzyateer\buzz yateer\x64\debug\buzz yateer.pdb
f:\buzz\buzzyateer-master\buzz yateer\buzz yateer\x64\debug\vc141.idb
f:\buzz\buzzyateer-master\buzz yateer\buzz yateer\x64\debug\vc141.pdb
f:\buzz\buzzyateer-master\buzz yateer\x64\debug\buzz yateer.pdb
f:\buzz\buzzyateer-master\buzz yateer\x64\debug\buzz yateer.exe
f:\buzz\buzzyateer-master\buzz yateer\x64\debug\buzz yateer.ilk
f:\buzz\buzzyateer-master\buzz yateer\buzz yateer\x64\debug\buzz yateer.tlog\cl.command.1.tlog
f:\buzz\buzzyateer-master\buzz yateer\buzz yateer\x64\debug\buzz yateer.tlog\cl.read.1.tlog
f:\buzz\buzzyateer-master\buzz yateer\buzz yateer\x64\debug\buzz yateer.tlog\cl.write.1.tlog
f:\buzz\buzzyateer-master\buzz yateer\buzz yateer\x64\debug\buzz yateer.tlog\link.command.1.tlog
f:\buzz\buzzyateer-master\buzz yateer\buzz yateer\x64\debug\buzz yateer.tlog\link.read.1.tlog
f:\buzz\buzzyateer-master\buzz yateer\buzz yateer\x64\debug\buzz yateer.tlog\link.write.1.tlog
